digraph G { page="8.5,11"; size="7.5, 10"; 
"0" -> "1"
"1" [label="ProgramImpl"]
"1" -> "2"
"2" [label="ProcImpl"]
"2" -> "3"
"3" [label="SymName\n\"Main\""]
"2" -> "4"
"4" [label="TInteger"]
"2" -> "5"
"5" [label="ProcedureBlockImpl"]
"5" -> "6"
"6" [label="DeclImpl"]
"6" -> "7"
"7" [label="SymName\n\"a\""]
"6" -> "8"
"8" [label="TInteger"]
"5" -> "9"
"9" [label="Call"]
"9" -> "10"
"10" [label="Variable"]
"10" -> "11"
"11" [label="SymName\n\"a\""]
"9" -> "12"
"12" [label="SymName\n\"Main\""]
"5" -> "13"
"13" [label="IfNoElse"]
"13" -> "14"
"14" [label="Compare"]
"14" -> "15"
"15" [label="Ident"]
"15" -> "16"
"16" [label="SymName\n\"a\""]
"14" -> "17"
"17" [label="IntLit"]
"17" -> "18"
"18" [label="Primitive\n1"]
"13" -> "19"
"19" [label="NestedBlockImpl"]
"19" -> "20"
"20" [label="DeclImpl"]
"20" -> "21"
"21" [label="SymName\n\"b\""]
"20" -> "22"
"22" [label="TInteger"]
"19" -> "23"
"23" [label="Assignment"]
"23" -> "24"
"24" [label="Variable"]
"24" -> "25"
"25" [label="SymName\n\"a\""]
"23" -> "26"
"26" [label="IntLit"]
"26" -> "27"
"27" [label="Primitive\n2"]
"5" -> "28"
"28" [label="CodeBlock"]
"28" -> "29"
"29" [label="NestedBlockImpl"]
"29" -> "30"
"30" [label="DeclImpl"]
"30" -> "31"
"31" [label="SymName\n\"b\""]
"30" -> "32"
"32" [label="TInteger"]
"29" -> "33"
"33" [label="Assignment"]
"33" -> "34"
"34" [label="Variable"]
"34" -> "35"
"35" [label="SymName\n\"a\""]
"33" -> "36"
"36" [label="IntLit"]
"36" -> "37"
"37" [label="Primitive\n1"]
"5" -> "38"
"38" [label="Return"]
"38" -> "39"
"39" [label="IntLit"]
"39" -> "40"
"40" [label="Primitive\n1"]
}
